{"ts":"2025-12-08T19:03:41+01:00","uri":"\/mostrecent.softwarecreativelabs.com\/api\/paypal_create_order.php","method":"POST","remote":"::1","body":"{\"amount\":0.01,\"currency\":\"USD\",\"items\":[{\"name\":\"Digiboost - Site\",\"unit_amount\":{\"currency_code\":\"USD\",\"value\":\"0.01\"},\"quantity\":\"1\"}]}"}
{"ts":"2025-12-08T19:03:41+01:00","type":"exception","message":"Class \"PayPalCheckoutSdk\\Core\\LiveEnvironment\" not found","trace":"#0 C:\\xampp\\htdocs\\mostrecent.softwarecreativelabs.com\\api\\paypal_create_order.php(63): PayPalClient::client()\n#1 {main}"}
{"ts":"2025-12-08T19:06:32+01:00","uri":"\/mostrecent.softwarecreativelabs.com\/api\/paypal_create_order.php","method":"POST","remote":"::1","body":"{\"amount\":0.01,\"currency\":\"USD\",\"items\":[{\"name\":\"Digiboost - Site\",\"unit_amount\":{\"currency_code\":\"USD\",\"value\":\"0.01\"},\"quantity\":\"1\"}]}"}
{"ts":"2025-12-08T19:06:32+01:00","type":"php_error","errno":8192,"error":"Creation of dynamic property PayPalCheckoutSdk\\Core\\PayPalHttpClient::$curlCls is deprecated","file":"C:\\xampp\\htdocs\\mostrecent.softwarecreativelabs.com\\vendor\\paypal\\paypalhttp\\lib\\PayPalHttp\\HttpClient.php","line":38}
{"ts":"2025-12-08T19:06:34+01:00","uri":"\/mostrecent.softwarecreativelabs.com\/api\/paypal_create_order.php","method":"POST","remote":"::1","body":"{\"amount\":0.01,\"currency\":\"USD\",\"items\":[{\"name\":\"Digiboost - Site\",\"unit_amount\":{\"currency_code\":\"USD\",\"value\":\"0.01\"},\"quantity\":\"1\"}]}"}
{"ts":"2025-12-08T19:06:34+01:00","type":"php_error","errno":8192,"error":"Creation of dynamic property PayPalCheckoutSdk\\Core\\PayPalHttpClient::$curlCls is deprecated","file":"C:\\xampp\\htdocs\\mostrecent.softwarecreativelabs.com\\vendor\\paypal\\paypalhttp\\lib\\PayPalHttp\\HttpClient.php","line":38}
{"ts":"2025-12-08T19:06:35+01:00","uri":"\/mostrecent.softwarecreativelabs.com\/api\/paypal_create_order.php","method":"POST","remote":"::1","body":"{\"amount\":0.01,\"currency\":\"USD\",\"items\":[{\"name\":\"Digiboost - Site\",\"unit_amount\":{\"currency_code\":\"USD\",\"value\":\"0.01\"},\"quantity\":\"1\"}]}"}
{"ts":"2025-12-08T19:06:35+01:00","type":"php_error","errno":8192,"error":"Creation of dynamic property PayPalCheckoutSdk\\Core\\PayPalHttpClient::$curlCls is deprecated","file":"C:\\xampp\\htdocs\\mostrecent.softwarecreativelabs.com\\vendor\\paypal\\paypalhttp\\lib\\PayPalHttp\\HttpClient.php","line":38}
{"ts":"2025-12-08T19:07:37+01:00","uri":"\/mostrecent.softwarecreativelabs.com\/api\/paypal_create_order.php","method":"POST","remote":"::1","body":"{\"amount\":0.01,\"currency\":\"USD\",\"items\":[{\"name\":\"Digiboost - E-Commerce\",\"unit_amount\":{\"currency_code\":\"USD\",\"value\":\"0.01\"},\"quantity\":\"1\"}]}"}
{"ts":"2025-12-08T19:07:37+01:00","type":"php_error","errno":8192,"error":"Creation of dynamic property PayPalCheckoutSdk\\Core\\PayPalHttpClient::$curlCls is deprecated","file":"C:\\xampp\\htdocs\\mostrecent.softwarecreativelabs.com\\vendor\\paypal\\paypalhttp\\lib\\PayPalHttp\\HttpClient.php","line":38}
{"ts":"2025-12-08T19:10:32+01:00","uri":"\/mostrecent.softwarecreativelabs.com\/api\/paypal_create_order.php","method":"POST","remote":"::1","body":"{\"amount\":0.01,\"currency\":\"USD\",\"items\":[{\"name\":\"Digiboost - Site\",\"unit_amount\":{\"currency_code\":\"USD\",\"value\":\"0.01\"},\"quantity\":\"1\"}]}"}
{"ts":"2025-12-08T19:10:32+01:00","type":"exception","message":"Class \"PayPalCheckoutSdk\\Core\\LiveEnvironment\" not found","trace":"#0 C:\\xampp\\htdocs\\mostrecent.softwarecreativelabs.com\\api\\paypal_create_order.php(63): PayPalClient::client()\n#1 {main}"}
{"ts":"2025-12-08T19:12:27+01:00","uri":"\/mostrecent.softwarecreativelabs.com\/api\/paypal_create_order.php","method":"POST","remote":"::1","body":"{\"amount\":0.01,\"currency\":\"USD\",\"items\":[{\"name\":\"Digiboost - Site\",\"unit_amount\":{\"currency_code\":\"USD\",\"value\":\"0.01\"},\"quantity\":\"1\"}]}"}
{"ts":"2025-12-08T19:12:27+01:00","type":"php_error","errno":8192,"error":"Creation of dynamic property PayPalCheckoutSdk\\Core\\PayPalHttpClient::$curlCls is deprecated","file":"C:\\xampp\\htdocs\\mostrecent.softwarecreativelabs.com\\vendor\\paypal\\paypalhttp\\lib\\PayPalHttp\\HttpClient.php","line":38}
{"ts":"2025-12-08T19:13:22+01:00","uri":"\/mostrecent.softwarecreativelabs.com\/api\/paypal_create_order.php","method":"POST","remote":"::1","body":"{\"amount\":0.01,\"currency\":\"USD\",\"items\":[{\"name\":\"Digiboost - Site\",\"unit_amount\":{\"currency_code\":\"USD\",\"value\":\"0.01\"},\"quantity\":\"1\"}]}"}
{"ts":"2025-12-08T19:13:22+01:00","type":"php_error","errno":8192,"error":"Creation of dynamic property PayPalCheckoutSdk\\Core\\PayPalHttpClient::$curlCls is deprecated","file":"C:\\xampp\\htdocs\\mostrecent.softwarecreativelabs.com\\vendor\\paypal\\paypalhttp\\lib\\PayPalHttp\\HttpClient.php","line":38}
{"ts":"2025-12-08T19:14:59+01:00","uri":"\/mostrecent.softwarecreativelabs.com\/api\/paypal_create_order.php","method":"POST","remote":"::1","body":"{\"amount\":0.01,\"currency\":\"USD\",\"items\":[{\"name\":\"Digiboost - Site\",\"unit_amount\":{\"currency_code\":\"USD\",\"value\":\"0.01\"},\"quantity\":\"1\"}]}"}
{"ts":"2025-12-08T19:16:19+01:00","uri":"\/mostrecent.softwarecreativelabs.com\/api\/paypal_capture_order.php","method":"POST","remote":"::1","body":"{\"orderID\":\"4R219734W8241984M\",\"expected_amount\":\"0.01\",\"expected_currency\":\"USD\"}"}
{"ts":"2025-12-08T19:16:19+01:00","type":"php_error","errno":8192,"error":"Creation of dynamic property PayPalCheckoutSdk\\Core\\PayPalHttpClient::$curlCls is deprecated","file":"C:\\xampp\\htdocs\\mostrecent.softwarecreativelabs.com\\vendor\\paypal\\paypalhttp\\lib\\PayPalHttp\\HttpClient.php","line":38}
{"ts":"2025-12-08T19:20:19+01:00","uri":"\/mostrecent.softwarecreativelabs.com\/api\/paypal_create_order.php","method":"POST","remote":"::1","body":"{\"amount\":0.01,\"currency\":\"USD\",\"items\":[{\"name\":\"Digiboost - Site\",\"unit_amount\":{\"currency_code\":\"USD\",\"value\":\"0.01\"},\"quantity\":\"1\"}]}"}
{"ts":"2025-12-08T19:22:33+01:00","uri":"\/mostrecent.softwarecreativelabs.com\/api\/paypal_capture_order.php","method":"POST","remote":"::1","body":"{\"orderID\":\"3JR0368114171941V\",\"expected_amount\":\"0.01\",\"expected_currency\":\"USD\"}"}
{"ts":"2025-12-08T19:49:04+01:00","uri":"\/mostrecent.softwarecreativelabs.com\/api\/paypal_create_order.php","method":"POST","remote":"::1","body":"{\"amount\":0.01,\"currency\":\"USD\",\"items\":[{\"name\":\"Digiboost - Site\",\"unit_amount\":{\"currency_code\":\"USD\",\"value\":\"0.01\"},\"quantity\":\"1\"}]}"}
{"ts":"2025-12-08T19:53:10+01:00","uri":"\/mostrecent.softwarecreativelabs.com\/api\/paypal_create_order.php","method":"POST","remote":"::1","body":"{\"amount\":0.01,\"currency\":\"USD\",\"items\":[{\"name\":\"Digiboost - E-Commerce\",\"unit_amount\":{\"currency_code\":\"USD\",\"value\":\"0.01\"},\"quantity\":\"1\"}]}"}
{"ts":"2025-12-08T19:54:29+01:00","uri":"\/mostrecent.softwarecreativelabs.com\/api\/paypal_capture_order.php","method":"POST","remote":"::1","body":"{\"orderID\":\"6R484214HW587531S\",\"expected_amount\":\"0.01\",\"expected_currency\":\"USD\"}"}
{"ts":"2025-12-08T20:01:05+01:00","uri":"\/mostrecent.softwarecreativelabs.com\/api\/paypal_create_order.php","method":"POST","remote":"::1","body":"{\"amount\":0.01,\"currency\":\"USD\",\"items\":[{\"name\":\"Digiboost - E-Commerce\",\"unit_amount\":{\"currency_code\":\"USD\",\"value\":\"0.01\"},\"quantity\":\"1\"}]}"}
{"ts":"2025-12-10T22:01:05+01:00","uri":"\/mostrecent.softwarecreativelabs.com\/api\/paypal_create_order.php","method":"POST","remote":"::1","body":"{\"amount\":\"500.00\",\"currency\":\"USD\",\"items\":[{\"name\":\"Event Ticket\",\"unit_amount\":{\"currency_code\":\"USD\",\"value\":\"500.00\"},\"quantity\":\"1\"}]}"}
{"ts":"2025-12-10T22:02:43+01:00","uri":"\/mostrecent.softwarecreativelabs.com\/api\/paypal_create_order.php","method":"POST","remote":"::1","body":"{\"amount\":\"500.00\",\"currency\":\"USD\",\"items\":[{\"name\":\"Event Ticket\",\"unit_amount\":{\"currency_code\":\"USD\",\"value\":\"500.00\"},\"quantity\":\"1\"}]}"}
{"ts":"2025-12-10T22:20:10+01:00","uri":"\/mostrecent.softwarecreativelabs.com\/api\/paypal_create_order.php","method":"POST","remote":"::1","body":"{\"amount\":\"500.00\",\"currency\":\"USD\",\"items\":[{\"name\":\"Event Ticket\",\"unit_amount\":{\"currency_code\":\"USD\",\"value\":\"500.00\"},\"quantity\":\"1\"}]}"}
{"ts":"2025-12-10T22:21:14+01:00","uri":"\/mostrecent.softwarecreativelabs.com\/api\/paypal_capture_order.php","method":"POST","remote":"::1","body":"{\"orderID\":\"6MP385273H044341R\",\"expected_amount\":\"500.00\",\"expected_currency\":\"USD\"}"}
{"ts":"2025-12-10T22:26:14+01:00","uri":"\/mostrecent.softwarecreativelabs.com\/api\/paypal_create_order.php","method":"POST","remote":"::1","body":"{\"amount\":\"500.00\",\"currency\":\"USD\",\"items\":[{\"name\":\"Event Ticket\",\"unit_amount\":{\"currency_code\":\"USD\",\"value\":\"500.00\"},\"quantity\":\"1\"}]}"}
{"ts":"2025-12-10T22:27:03+01:00","uri":"\/mostrecent.softwarecreativelabs.com\/api\/paypal_capture_order.php","method":"POST","remote":"::1","body":"{\"orderID\":\"6H376812XA7568116\",\"expected_amount\":\"500.00\",\"expected_currency\":\"USD\"}"}
{"ts":"2025-12-10T22:29:52+01:00","uri":"\/mostrecent.softwarecreativelabs.com\/api\/paypal_create_order.php","method":"POST","remote":"::1","body":"{\"amount\":\"500.00\",\"currency\":\"USD\",\"items\":[{\"name\":\"Event Ticket\",\"unit_amount\":{\"currency_code\":\"USD\",\"value\":\"500.00\"},\"quantity\":\"1\"}]}"}
{"ts":"2025-12-10T22:30:46+01:00","uri":"\/mostrecent.softwarecreativelabs.com\/api\/paypal_capture_order.php","method":"POST","remote":"::1","body":"{\"orderID\":\"8CP730859A827804C\",\"expected_amount\":\"500.00\",\"expected_currency\":\"USD\"}"}
{"ts":"2025-12-10T22:37:43+01:00","uri":"\/mostrecent.softwarecreativelabs.com\/api\/paypal_create_order.php","method":"POST","remote":"::1","body":"{\"amount\":\"500.00\",\"currency\":\"USD\",\"items\":[{\"name\":\"Event Ticket\",\"unit_amount\":{\"currency_code\":\"USD\",\"value\":\"500.00\"},\"quantity\":\"1\"}]}"}
{"ts":"2025-12-10T22:38:42+01:00","uri":"\/mostrecent.softwarecreativelabs.com\/api\/paypal_capture_order.php","method":"POST","remote":"::1","body":"{\"orderID\":\"40C68475EN6093920\",\"expected_amount\":\"500.00\",\"expected_currency\":\"USD\"}"}
{"ts":"2025-12-10T22:45:15+01:00","uri":"\/mostrecent.softwarecreativelabs.com\/api\/paypal_create_order.php","method":"POST","remote":"::1","body":"{\"amount\":\"500.00\",\"currency\":\"USD\",\"items\":[{\"name\":\"Event Ticket\",\"unit_amount\":{\"currency_code\":\"USD\",\"value\":\"500.00\"},\"quantity\":\"1\"}]}"}
{"ts":"2025-12-10T22:46:15+01:00","uri":"\/mostrecent.softwarecreativelabs.com\/api\/paypal_capture_order.php","method":"POST","remote":"::1","body":"{\"orderID\":\"62C1912306603445T\",\"expected_amount\":\"500.00\",\"expected_currency\":\"USD\"}"}
{"ts":"2025-12-10T22:52:27+01:00","uri":"\/mostrecent.softwarecreativelabs.com\/api\/paypal_create_order.php","method":"POST","remote":"::1","body":"{\"amount\":\"500.00\",\"currency\":\"USD\",\"items\":[{\"name\":\"Event Ticket\",\"unit_amount\":{\"currency_code\":\"USD\",\"value\":\"500.00\"},\"quantity\":\"1\"}]}"}
{"ts":"2025-12-10T22:53:18+01:00","uri":"\/mostrecent.softwarecreativelabs.com\/api\/paypal_capture_order.php","method":"POST","remote":"::1","body":"{\"orderID\":\"18Y79648B1364045F\",\"expected_amount\":\"500.00\",\"expected_currency\":\"USD\"}"}
